<?xml version="1.0" encoding="UTF-8"?>
<testsuite name="com.softeq.main.VisitorPatternTest" tests="1" skipped="0" failures="0" errors="0" timestamp="2021-06-08T15:17:59" hostname="MWW-1430" time="0.016">
  <properties/>
  <testcase name="findColorListFaild()" classname="com.softeq.main.VisitorPatternTest" time="0.016"/>
  <system-out><![CDATA[]]></system-out>
  <system-err><![CDATA[]]></system-err>
</testsuite>
